{"@timestamp":"2020-10-23T14:12:45.288+02:00","@version":"1","severity":"INFO","service":"User REST-Application","pid":"18700","thread":"restartedMain","class":"com.example.demo.LibraryApplication","message":"Starting LibraryApplication on LAPTOP-TDNFADTJ with PID 18700 (C:\\Users\\petsu\\IdeaProjects\\library\\target\\classes started by petsu in C:\\Users\\petsu\\IdeaProjects\\library) "}
{"@timestamp":"2020-10-23T14:12:45.301+02:00","@version":"1","severity":"INFO","service":"User REST-Application","pid":"18700","thread":"restartedMain","class":"com.example.demo.LibraryApplication","message":"No active profile set, falling back to default profiles: default "}
{"@timestamp":"2020-10-23T14:12:47.597+02:00","@version":"1","severity":"INFO","service":"User REST-Application","pid":"18700","thread":"restartedMain","class":"com.example.demo.LibraryApplication","message":"Started LibraryApplication in 2.846 seconds (JVM running for 4.567) "}
{"@timestamp":"2020-10-23T14:13:15.393+02:00","@version":"1","severity":"INFO","service":"User REST-Application","pid":"21760","thread":"restartedMain","class":"com.example.demo.LibraryApplication","message":"Starting LibraryApplication on LAPTOP-TDNFADTJ with PID 21760 (C:\\Users\\petsu\\IdeaProjects\\library\\target\\classes started by petsu in C:\\Users\\petsu\\IdeaProjects\\library) "}
{"@timestamp":"2020-10-23T14:13:15.408+02:00","@version":"1","severity":"INFO","service":"User REST-Application","pid":"21760","thread":"restartedMain","class":"com.example.demo.LibraryApplication","message":"No active profile set, falling back to default profiles: default "}
{"@timestamp":"2020-10-23T14:13:18.246+02:00","@version":"1","severity":"INFO","service":"User REST-Application","pid":"21760","thread":"restartedMain","class":"com.example.demo.LibraryApplication","message":"Started LibraryApplication in 3.413 seconds (JVM running for 5.055) "}
{"@timestamp":"2020-10-23T14:22:51.207+02:00","@version":"1","severity":"INFO","service":"User REST-Application","pid":"20176","thread":"restartedMain","class":"com.example.demo.LibraryApplication","message":"Starting LibraryApplication on LAPTOP-TDNFADTJ with PID 20176 (C:\\Users\\petsu\\IdeaProjects\\library\\target\\classes started by petsu in C:\\Users\\petsu\\IdeaProjects\\library) "}
{"@timestamp":"2020-10-23T14:22:51.218+02:00","@version":"1","severity":"INFO","service":"User REST-Application","pid":"20176","thread":"restartedMain","class":"com.example.demo.LibraryApplication","message":"No active profile set, falling back to default profiles: default "}
{"@timestamp":"2020-10-23T14:22:53.353+02:00","@version":"1","severity":"INFO","service":"User REST-Application","pid":"20176","thread":"restartedMain","class":"com.example.demo.LibraryApplication","message":"Started LibraryApplication in 2.62 seconds (JVM running for 4.545) "}
{"@timestamp":"2020-10-23T14:33:57.467+02:00","@version":"1","severity":"INFO","service":"User REST-Application","pid":"20176","thread":"http-nio-7000-exec-2","class":"com.example.demo.services.BookService","message":"Request to find all books "}
{"@timestamp":"2020-10-23T15:18:58.760+02:00","@version":"1","severity":"INFO","service":"User REST-Application","pid":"20176","thread":"http-nio-7000-exec-10","class":"com.example.demo.services.BookService","message":"Request to find all books "}
{"@timestamp":"2020-10-23T15:24:07.763+02:00","@version":"1","severity":"INFO","service":"User REST-Application","pid":"20176","thread":"http-nio-7000-exec-1","class":"com.example.demo.services.BookService","message":"Updating book. "}
{"@timestamp":"2020-10-23T15:24:30.996+02:00","@version":"1","severity":"INFO","service":"User REST-Application","pid":"20176","thread":"http-nio-7000-exec-10","class":"com.example.demo.services.BookService","message":"Request to find all books "}
{"@timestamp":"2020-10-23T15:24:59.257+02:00","@version":"1","severity":"INFO","service":"User REST-Application","pid":"20176","thread":"http-nio-7000-exec-2","class":"com.example.demo.services.BookService","message":"Updating book. "}
{"@timestamp":"2020-10-23T15:25:03.523+02:00","@version":"1","severity":"INFO","service":"User REST-Application","pid":"20176","thread":"http-nio-7000-exec-3","class":"com.example.demo.services.BookService","message":"Request to find all books "}
{"@timestamp":"2020-10-23T15:25:30.400+02:00","@version":"1","severity":"INFO","service":"User REST-Application","pid":"20176","thread":"http-nio-7000-exec-5","class":"com.example.demo.services.BookService","message":"Updating book. "}
{"@timestamp":"2020-10-23T15:25:37.589+02:00","@version":"1","severity":"INFO","service":"User REST-Application","pid":"20176","thread":"http-nio-7000-exec-4","class":"com.example.demo.services.BookService","message":"Request to find all books "}
{"@timestamp":"2020-10-23T15:30:03.073+02:00","@version":"1","severity":"INFO","service":"User REST-Application","pid":"20820","thread":"restartedMain","class":"com.example.demo.LibraryApplication","message":"Starting LibraryApplication on LAPTOP-TDNFADTJ with PID 20820 (C:\\Users\\petsu\\IdeaProjects\\library\\target\\classes started by petsu in C:\\Users\\petsu\\IdeaProjects\\library) "}
{"@timestamp":"2020-10-23T15:30:03.081+02:00","@version":"1","severity":"INFO","service":"User REST-Application","pid":"20820","thread":"restartedMain","class":"com.example.demo.LibraryApplication","message":"No active profile set, falling back to default profiles: default "}
{"@timestamp":"2020-10-23T15:30:05.136+02:00","@version":"1","severity":"INFO","service":"User REST-Application","pid":"20820","thread":"restartedMain","class":"com.example.demo.LibraryApplication","message":"Started LibraryApplication in 2.722 seconds (JVM running for 4.067) "}
{"@timestamp":"2020-10-23T15:32:22.366+02:00","@version":"1","severity":"INFO","service":"User REST-Application","pid":"20820","thread":"http-nio-7000-exec-6","class":"com.example.demo.services.BookService","message":"Request to find all books "}
{"@timestamp":"2020-10-23T15:34:07.149+02:00","@version":"1","severity":"INFO","service":"User REST-Application","pid":"20820","thread":"http-nio-7000-exec-2","class":"com.example.demo.services.BookService","message":"Request to find all books "}
{"@timestamp":"2020-10-23T15:36:08.030+02:00","@version":"1","severity":"INFO","service":"User REST-Application","pid":"20820","thread":"http-nio-7000-exec-4","class":"com.example.demo.services.BookService","message":"Updating book. "}
{"@timestamp":"2020-10-23T15:36:18.773+02:00","@version":"1","severity":"INFO","service":"User REST-Application","pid":"20820","thread":"http-nio-7000-exec-5","class":"com.example.demo.services.BookService","message":"Request to find all books "}
{"@timestamp":"2020-10-23T15:38:09.092+02:00","@version":"1","severity":"INFO","service":"User REST-Application","pid":"20820","thread":"http-nio-7000-exec-2","class":"com.example.demo.services.BookService","message":"Request to find all books "}
{"@timestamp":"2020-10-23T15:40:14.910+02:00","@version":"1","severity":"INFO","service":"User REST-Application","pid":"20820","thread":"http-nio-7000-exec-5","class":"com.example.demo.services.BookService","message":"Request to find all books "}
{"@timestamp":"2020-10-23T15:41:50.078+02:00","@version":"1","severity":"INFO","service":"User REST-Application","pid":"20820","thread":"http-nio-7000-exec-9","class":"com.example.demo.services.BookService","message":"Request to find all books "}
{"@timestamp":"2020-10-23T16:30:10.368+02:00","@version":"1","severity":"INFO","service":"User REST-Application","pid":"17356","thread":"restartedMain","class":"com.example.demo.LibraryApplication","message":"Starting LibraryApplication on LAPTOP-TDNFADTJ with PID 17356 (C:\\Users\\petsu\\IdeaProjects\\library\\target\\classes started by petsu in C:\\Users\\petsu\\IdeaProjects\\library) "}
{"@timestamp":"2020-10-23T16:30:10.376+02:00","@version":"1","severity":"INFO","service":"User REST-Application","pid":"17356","thread":"restartedMain","class":"com.example.demo.LibraryApplication","message":"No active profile set, falling back to default profiles: default "}
{"@timestamp":"2020-10-23T16:30:12.468+02:00","@version":"1","severity":"INFO","service":"User REST-Application","pid":"17356","thread":"restartedMain","class":"com.example.demo.LibraryApplication","message":"Started LibraryApplication in 2.432 seconds (JVM running for 3.851) "}
{"@timestamp":"2020-10-23T16:35:39.823+02:00","@version":"1","severity":"INFO","service":"User REST-Application","pid":"19172","thread":"restartedMain","class":"com.example.demo.LibraryApplication","message":"Starting LibraryApplication on LAPTOP-TDNFADTJ with PID 19172 (C:\\Users\\petsu\\IdeaProjects\\library\\target\\classes started by petsu in C:\\Users\\petsu\\IdeaProjects\\library) "}
{"@timestamp":"2020-10-23T16:35:39.831+02:00","@version":"1","severity":"INFO","service":"User REST-Application","pid":"19172","thread":"restartedMain","class":"com.example.demo.LibraryApplication","message":"No active profile set, falling back to default profiles: default "}
{"@timestamp":"2020-10-23T16:35:41.673+02:00","@version":"1","severity":"INFO","service":"User REST-Application","pid":"19172","thread":"restartedMain","class":"com.example.demo.LibraryApplication","message":"Started LibraryApplication in 2.212 seconds (JVM running for 3.455) "}
{"@timestamp":"2020-10-23T16:38:35.544+02:00","@version":"1","severity":"INFO","service":"User REST-Application","pid":"21280","thread":"restartedMain","class":"com.example.demo.LibraryApplication","message":"Starting LibraryApplication on LAPTOP-TDNFADTJ with PID 21280 (C:\\Users\\petsu\\IdeaProjects\\library\\target\\classes started by petsu in C:\\Users\\petsu\\IdeaProjects\\library) "}
{"@timestamp":"2020-10-23T16:38:35.557+02:00","@version":"1","severity":"INFO","service":"User REST-Application","pid":"21280","thread":"restartedMain","class":"com.example.demo.LibraryApplication","message":"No active profile set, falling back to default profiles: default "}
{"@timestamp":"2020-10-23T16:38:37.524+02:00","@version":"1","severity":"INFO","service":"User REST-Application","pid":"21280","thread":"restartedMain","class":"com.example.demo.LibraryApplication","message":"Started LibraryApplication in 2.413 seconds (JVM running for 3.814) "}
{"@timestamp":"2020-10-23T16:38:56.069+02:00","@version":"1","severity":"INFO","service":"User REST-Application","pid":"12728","thread":"restartedMain","class":"com.example.demo.LibraryApplication","message":"Starting LibraryApplication on LAPTOP-TDNFADTJ with PID 12728 (C:\\Users\\petsu\\IdeaProjects\\library\\target\\classes started by petsu in C:\\Users\\petsu\\IdeaProjects\\library) "}
{"@timestamp":"2020-10-23T16:38:56.075+02:00","@version":"1","severity":"INFO","service":"User REST-Application","pid":"12728","thread":"restartedMain","class":"com.example.demo.LibraryApplication","message":"No active profile set, falling back to default profiles: default "}
{"@timestamp":"2020-10-23T16:38:57.917+02:00","@version":"1","severity":"INFO","service":"User REST-Application","pid":"12728","thread":"restartedMain","class":"com.example.demo.LibraryApplication","message":"Started LibraryApplication in 2.206 seconds (JVM running for 3.252) "}
{"@timestamp":"2020-10-23T16:45:54.618+02:00","@version":"1","severity":"INFO","service":"User REST-Application","pid":"7104","thread":"restartedMain","class":"com.example.demo.LibraryApplication","message":"Starting LibraryApplication on LAPTOP-TDNFADTJ with PID 7104 (C:\\Users\\petsu\\IdeaProjects\\library\\target\\classes started by petsu in C:\\Users\\petsu\\IdeaProjects\\library) "}
{"@timestamp":"2020-10-23T16:45:54.626+02:00","@version":"1","severity":"INFO","service":"User REST-Application","pid":"7104","thread":"restartedMain","class":"com.example.demo.LibraryApplication","message":"No active profile set, falling back to default profiles: default "}
{"@timestamp":"2020-10-23T16:45:57.114+02:00","@version":"1","severity":"INFO","service":"User REST-Application","pid":"7104","thread":"restartedMain","class":"com.example.demo.LibraryApplication","message":"Started LibraryApplication in 3.017 seconds (JVM running for 4.803) "}
{"@timestamp":"2020-10-23T16:46:48.614+02:00","@version":"1","severity":"INFO","service":"User REST-Application","pid":"22048","thread":"restartedMain","class":"com.example.demo.LibraryApplication","message":"Starting LibraryApplication on LAPTOP-TDNFADTJ with PID 22048 (C:\\Users\\petsu\\IdeaProjects\\library\\target\\classes started by petsu in C:\\Users\\petsu\\IdeaProjects\\library) "}
{"@timestamp":"2020-10-23T16:46:48.621+02:00","@version":"1","severity":"INFO","service":"User REST-Application","pid":"22048","thread":"restartedMain","class":"com.example.demo.LibraryApplication","message":"No active profile set, falling back to default profiles: default "}
{"@timestamp":"2020-10-23T16:46:50.594+02:00","@version":"1","severity":"INFO","service":"User REST-Application","pid":"22048","thread":"restartedMain","class":"com.example.demo.LibraryApplication","message":"Started LibraryApplication in 2.412 seconds (JVM running for 3.935) "}
{"@timestamp":"2020-10-23T16:47:34.157+02:00","@version":"1","severity":"INFO","service":"User REST-Application","pid":"20976","thread":"restartedMain","class":"com.example.demo.LibraryApplication","message":"Starting LibraryApplication on LAPTOP-TDNFADTJ with PID 20976 (C:\\Users\\petsu\\IdeaProjects\\library\\target\\classes started by petsu in C:\\Users\\petsu\\IdeaProjects\\library) "}
{"@timestamp":"2020-10-23T16:47:34.165+02:00","@version":"1","severity":"INFO","service":"User REST-Application","pid":"20976","thread":"restartedMain","class":"com.example.demo.LibraryApplication","message":"No active profile set, falling back to default profiles: default "}
{"@timestamp":"2020-10-23T16:47:35.965+02:00","@version":"1","severity":"INFO","service":"User REST-Application","pid":"20976","thread":"restartedMain","class":"com.example.demo.LibraryApplication","message":"Started LibraryApplication in 2.156 seconds (JVM running for 3.358) "}
{"@timestamp":"2020-10-23T16:49:09.895+02:00","@version":"1","severity":"INFO","service":"User REST-Application","pid":"20072","thread":"restartedMain","class":"com.example.demo.LibraryApplication","message":"Starting LibraryApplication on LAPTOP-TDNFADTJ with PID 20072 (C:\\Users\\petsu\\IdeaProjects\\library\\target\\classes started by petsu in C:\\Users\\petsu\\IdeaProjects\\library) "}
{"@timestamp":"2020-10-23T16:49:09.902+02:00","@version":"1","severity":"INFO","service":"User REST-Application","pid":"20072","thread":"restartedMain","class":"com.example.demo.LibraryApplication","message":"No active profile set, falling back to default profiles: default "}
{"@timestamp":"2020-10-23T16:49:11.687+02:00","@version":"1","severity":"INFO","service":"User REST-Application","pid":"20072","thread":"restartedMain","class":"com.example.demo.LibraryApplication","message":"Started LibraryApplication in 2.193 seconds (JVM running for 3.395) "}
{"@timestamp":"2020-10-23T16:54:57.178+02:00","@version":"1","severity":"INFO","service":"User REST-Application","pid":"22168","thread":"restartedMain","class":"com.example.demo.LibraryApplication","message":"Starting LibraryApplication on LAPTOP-TDNFADTJ with PID 22168 (C:\\Users\\petsu\\IdeaProjects\\library\\target\\classes started by petsu in C:\\Users\\petsu\\IdeaProjects\\library) "}
{"@timestamp":"2020-10-23T16:54:57.185+02:00","@version":"1","severity":"INFO","service":"User REST-Application","pid":"22168","thread":"restartedMain","class":"com.example.demo.LibraryApplication","message":"No active profile set, falling back to default profiles: default "}
{"@timestamp":"2020-10-23T16:55:23.946+02:00","@version":"1","severity":"INFO","service":"User REST-Application","pid":"19128","thread":"restartedMain","class":"com.example.demo.LibraryApplication","message":"Starting LibraryApplication on LAPTOP-TDNFADTJ with PID 19128 (C:\\Users\\petsu\\IdeaProjects\\library\\target\\classes started by petsu in C:\\Users\\petsu\\IdeaProjects\\library) "}
{"@timestamp":"2020-10-23T16:55:23.953+02:00","@version":"1","severity":"INFO","service":"User REST-Application","pid":"19128","thread":"restartedMain","class":"com.example.demo.LibraryApplication","message":"No active profile set, falling back to default profiles: default "}
{"@timestamp":"2020-10-23T16:55:25.788+02:00","@version":"1","severity":"INFO","service":"User REST-Application","pid":"19128","thread":"restartedMain","class":"com.example.demo.LibraryApplication","message":"Started LibraryApplication in 2.168 seconds (JVM running for 3.485) "}
{"@timestamp":"2020-10-23T16:55:58.668+02:00","@version":"1","severity":"INFO","service":"User REST-Application","pid":"15836","thread":"restartedMain","class":"com.example.demo.LibraryApplication","message":"Starting LibraryApplication on LAPTOP-TDNFADTJ with PID 15836 (C:\\Users\\petsu\\IdeaProjects\\library\\target\\classes started by petsu in C:\\Users\\petsu\\IdeaProjects\\library) "}
{"@timestamp":"2020-10-23T16:55:58.678+02:00","@version":"1","severity":"INFO","service":"User REST-Application","pid":"15836","thread":"restartedMain","class":"com.example.demo.LibraryApplication","message":"No active profile set, falling back to default profiles: default "}
{"@timestamp":"2020-10-23T16:56:00.965+02:00","@version":"1","severity":"INFO","service":"User REST-Application","pid":"15836","thread":"restartedMain","class":"com.example.demo.LibraryApplication","message":"Started LibraryApplication in 2.683 seconds (JVM running for 4.175) "}
{"@timestamp":"2020-10-23T16:57:19.348+02:00","@version":"1","severity":"INFO","service":"User REST-Application","pid":"2728","thread":"restartedMain","class":"com.example.demo.LibraryApplication","message":"Starting LibraryApplication on LAPTOP-TDNFADTJ with PID 2728 (C:\\Users\\petsu\\IdeaProjects\\library\\target\\classes started by petsu in C:\\Users\\petsu\\IdeaProjects\\library) "}
{"@timestamp":"2020-10-23T16:57:19.355+02:00","@version":"1","severity":"INFO","service":"User REST-Application","pid":"2728","thread":"restartedMain","class":"com.example.demo.LibraryApplication","message":"No active profile set, falling back to default profiles: default "}
{"@timestamp":"2020-10-23T16:57:21.256+02:00","@version":"1","severity":"INFO","service":"User REST-Application","pid":"2728","thread":"restartedMain","class":"com.example.demo.LibraryApplication","message":"Started LibraryApplication in 2.289 seconds (JVM running for 3.354) "}
{"@timestamp":"2020-10-23T17:29:55.150+02:00","@version":"1","severity":"INFO","service":"User REST-Application","pid":"4392","thread":"restartedMain","class":"com.example.demo.LibraryApplication","message":"Starting LibraryApplication on LAPTOP-TDNFADTJ with PID 4392 (C:\\Users\\petsu\\IdeaProjects\\library\\target\\classes started by petsu in C:\\Users\\petsu\\IdeaProjects\\library) "}
{"@timestamp":"2020-10-23T17:29:55.159+02:00","@version":"1","severity":"INFO","service":"User REST-Application","pid":"4392","thread":"restartedMain","class":"com.example.demo.LibraryApplication","message":"No active profile set, falling back to default profiles: default "}
{"@timestamp":"2020-10-23T17:29:57.476+02:00","@version":"1","severity":"INFO","service":"User REST-Application","pid":"4392","thread":"restartedMain","class":"com.example.demo.LibraryApplication","message":"Started LibraryApplication in 2.707 seconds (JVM running for 4.38) "}
{"@timestamp":"2020-10-23T17:30:05.551+02:00","@version":"1","severity":"INFO","service":"User REST-Application","pid":"4392","thread":"http-nio-7000-exec-2","class":"com.example.demo.services.BookService","message":"Request to find all books "}
